<!DOCTYPE html PUBLIC "-//W3C//DTD XHTML 1.1//EN" "http://www.w3.org/TR/xhtml11/DTD/xhtml11.dtd">
<html xmlns="http://www.w3.org/1999/xhtml"><head><title>TestNG Report</title><style type="text/css">table {margin-bottom:10px;border-collapse:collapse;empty-cells:show}th,td {border:1px solid #009;padding:.25em .5em}th {vertical-align:bottom}td {vertical-align:top}table a {font-weight:bold}.stripe td {background-color: #E6EBF9}.num {text-align:right}.passedodd td {background-color: #3F3}.passedeven td {background-color: #0A0}.skippedodd td {background-color: #DDD}.skippedeven td {background-color: #CCC}.failedodd td,.attn {background-color: #F33}.failedeven td,.stripe .attn {background-color: #D00}.stacktrace {white-space:pre;font-family:monospace}.totop {font-size:85%;text-align:center;border-bottom:2px solid #000}</style></head><body><table><tr><th>Test</th><th># Passed</th><th># Skipped</th><th># Failed</th><th>Time (ms)</th><th>Included Groups</th><th>Excluded Groups</th></tr><tr><th colspan="7">sample automation suite</th></tr><tr><td><a href="#t0">demotests</a></td><td class="num">0</td><td class="num attn">4</td><td class="num">0</td><td class="num">23</td><td></td><td></td></tr></table><table><thead><tr><th>Class</th><th>Method</th><th>Start</th><th>Time (ms)</th></tr></thead><tbody><tr><th colspan="4">sample automation suite</th></tr></tbody><tbody id="t0"><tr><th colspan="4">demotests &#8212; failed (configuration methods)</th></tr><tr class="failedeven"><td rowspan="1">tests.sampleTest</td><td><a href="#m0">setup</a></td><td rowspan="1">1555492928008</td><td rowspan="1">0</td></tr><tr><th colspan="4">demotests &#8212; skipped (configuration methods)</th></tr><tr class="skippedeven"><td rowspan="6">tests.sampleTest</td><td><a href="#m1">getResult</a></td><td rowspan="4">1555492933742</td><td rowspan="4">0</td></tr><tr class="skippedeven"><td><a href="#m2">getResult</a></td></tr><tr class="skippedeven"><td><a href="#m3">getResult</a></td></tr><tr class="skippedeven"><td><a href="#m4">getResult</a></td></tr><tr class="skippedeven"><td><a href="#m5">tearDown</a></td><td rowspan="1">1555492938771</td><td rowspan="1">0</td></tr><tr class="skippedeven"><td><a href="#m6">teardown</a></td><td rowspan="1">1555492938771</td><td rowspan="1">0</td></tr><tr><th colspan="4">demotests &#8212; skipped</th></tr><tr class="skippedeven"><td rowspan="4">tests.sampleTest</td><td><a href="#m7">clickSourceTest</a></td><td rowspan="1">1555492933733</td><td rowspan="1">1</td></tr><tr class="skippedeven"><td><a href="#m8">textValidateTest</a></td><td rowspan="1">1555492933736</td><td rowspan="1">1</td></tr><tr class="skippedeven"><td><a href="#m9">touchactionValidateTest</a></td><td rowspan="1">1555492933739</td><td rowspan="1">2</td></tr><tr class="skippedeven"><td><a href="#m10">webViewTest</a></td><td rowspan="1">1555492933728</td><td rowspan="1">2</td></tr></tbody></table><h2>demotests</h2><h3 id="m0">tests.sampleTest#setup</h3><table class="result"><tr><th>Exception</th></tr><tr><td><div class="stacktrace">org.openqa.selenium.WebDriverException: It is impossible to create a new session because &apos;createSession&apos; which takes HttpClient, InputStream and long was not found or it is not accessible
Build info: version: &apos;3.12.0&apos;, revision: &apos;7c6e0b3&apos;, time: &apos;2018-05-08T14:04:26.12Z&apos;
System info: host: &apos;viswarajans-MacBook-Pro.local&apos;, ip: &apos;fe80:0:0:0:1446:4d78:74eb:8679%en0&apos;, os.name: &apos;Mac OS X&apos;, os.arch: &apos;x86_64&apos;, os.version: &apos;10.14.4&apos;, java.version: &apos;1.8.0_171&apos;
Driver info: driver.version: AndroidDriver
	at io.appium.java_client.remote.AppiumCommandExecutor$1.createSession(AppiumCommandExecutor.java:195)
	at io.appium.java_client.remote.AppiumCommandExecutor.createSession(AppiumCommandExecutor.java:209)
	at io.appium.java_client.remote.AppiumCommandExecutor.execute(AppiumCommandExecutor.java:231)
	at org.openqa.selenium.remote.RemoteWebDriver.execute(RemoteWebDriver.java:543)
	at io.appium.java_client.DefaultGenericMobileDriver.execute(DefaultGenericMobileDriver.java:42)
	at io.appium.java_client.AppiumDriver.execute(AppiumDriver.java:1)
	at io.appium.java_client.android.AndroidDriver.execute(AndroidDriver.java:1)
	at org.openqa.selenium.remote.RemoteWebDriver.startSession(RemoteWebDriver.java:207)
	at org.openqa.selenium.remote.RemoteWebDriver.&lt;init&gt;(RemoteWebDriver.java:130)
	at io.appium.java_client.DefaultGenericMobileDriver.&lt;init&gt;(DefaultGenericMobileDriver.java:38)
	at io.appium.java_client.AppiumDriver.&lt;init&gt;(AppiumDriver.java:84)
	at io.appium.java_client.AppiumDriver.&lt;init&gt;(AppiumDriver.java:94)
	at io.appium.java_client.android.AndroidDriver.&lt;init&gt;(AndroidDriver.java:93)
	at setup.Base.setup(Base.java:65)
	at io.appium.java_client.remote.AppiumCommandExecutor$1.createSession(AppiumCommandExecutor.java:185)
	... 31 more
Caused by: org.openqa.selenium.WebDriverException: Unable to parse remote response: &lt;!DOCTYPE html&gt;
&lt;html lang=&quot;en&quot;&gt;
&lt;head&gt;
&lt;meta charset=&quot;utf-8&quot;&gt;
&lt;title&gt;Error&lt;/title&gt;
&lt;/head&gt;
&lt;body&gt;
&lt;pre&gt;Error [ERR_STREAM_DESTROYED]: Cannot call write after a stream was destroyed&lt;br&gt; &amp;nbsp; &amp;nbsp;at doWrite (_stream_writable.js:411:19)&lt;br&gt; &amp;nbsp; &amp;nbsp;at writeOrBuffer (_stream_writable.js:399:5)&lt;br&gt; &amp;nbsp; &amp;nbsp;at Socket.Writable.write (_stream_writable.js:299:11)&lt;br&gt; &amp;nbsp; &amp;nbsp;at Console.log (/usr/local/lib/node_modules/appium/node_modules/winston/lib/winston/transports/console.js:79:23)&lt;br&gt; &amp;nbsp; &amp;nbsp;at Console._write (/usr/local/lib/node_modules/appium/node_modules/winston-transport/index.js:102:17)&lt;br&gt; &amp;nbsp; &amp;nbsp;at doWrite (/usr/local/lib/node_modules/appium/node_modules/readable-stream/lib/_stream_writable.js:428:64)&lt;br&gt; &amp;nbsp; &amp;nbsp;at writeOrBuffer (/usr/local/lib/node_modules/appium/node_modules/readable-stream/lib/_stream_writable.js:417:5)&lt;br&gt; &amp;nbsp; &amp;nbsp;at Console.Writable.write (/usr/local/lib/node_modules/appium/node_modules/readable-stream/lib/_stream_writable.js:334:11)&lt;br&gt; &amp;nbsp; &amp;nbsp;at DerivedLogger.ondata (/usr/local/lib/node_modules/appium/node_modules/winston/node_modules/readable-stream/lib/_stream_readable.js:662:20)&lt;br&gt; &amp;nbsp; &amp;nbsp;at DerivedLogger.emit (events.js:188:13)&lt;br&gt; &amp;nbsp; &amp;nbsp;at addChunk (/usr/local/lib/node_modules/appium/node_modules/winston/node_modules/readable-stream/lib/_stream_readable.js:297:12)&lt;br&gt; &amp;nbsp; &amp;nbsp;at readableAddChunk (/usr/local/lib/node_modules/appium/node_modules/winston/node_modules/readable-stream/lib/_stream_readable.js:279:11)&lt;br&gt; &amp;nbsp; &amp;nbsp;at DerivedLogger.Readable.push (/usr/local/lib/node_modules/appium/node_modules/winston/node_modules/readable-stream/lib/_stream_readable.js:240:10)&lt;br&gt; &amp;nbsp; &amp;nbsp;at DerivedLogger.Transform.push (/usr/local/lib/node_modules/appium/node_modules/winston/node_modules/readable-stream/lib/_stream_transform.js:139:32)&lt;br&gt; &amp;nbsp; &amp;nbsp;at DerivedLogger._transform (/usr/local/lib/node_modules/appium/node_modules/winston/lib/winston/logger.js:305:12)&lt;br&gt; &amp;nbsp; &amp;nbsp;at DerivedLogger.Transform._read (/usr/local/lib/node_modules/appium/node_modules/winston/node_modules/readable-stream/lib/_stream_transform.js:177:10)&lt;br&gt; &amp;nbsp; &amp;nbsp;at DerivedLogger.Transform._write (/usr/local/lib/node_modules/appium/node_modules/winston/node_modules/readable-stream/lib/_stream_transform.js:164:83)&lt;br&gt; &amp;nbsp; &amp;nbsp;at doWrite (/usr/local/lib/node_modules/appium/node_modules/winston/node_modules/readable-stream/lib/_stream_writable.js:405:139)&lt;br&gt; &amp;nbsp; &amp;nbsp;at writeOrBuffer (/usr/local/lib/node_modules/appium/node_modules/winston/node_modules/readable-stream/lib/_stream_writable.js:394:5)&lt;br&gt; &amp;nbsp; &amp;nbsp;at DerivedLogger.Writable.write (/usr/local/lib/node_modules/appium/node_modules/winston/node_modules/readable-stream/lib/_stream_writable.js:303:11)&lt;br&gt; &amp;nbsp; &amp;nbsp;at DerivedLogger.(anonymous function) [as info] (/usr/local/lib/node_modules/appium/node_modules/winston/lib/winston/create-logger.js:81:14)&lt;br&gt; &amp;nbsp; &amp;nbsp;at EventEmitter._npmlog.default.on.logObj (/usr/local/lib/node_modules/appium/lib/logsink.js:203:5)&lt;/pre&gt;
&lt;/body&gt;
&lt;/html&gt;

Build info: version: &apos;3.12.0&apos;, revision: &apos;7c6e0b3&apos;, time: &apos;2018-05-08T14:04:26.12Z&apos;
System info: host: &apos;viswarajans-MacBook-Pro.local&apos;, ip: &apos;fe80:0:0:0:1446:4d78:74eb:8679%en0&apos;, os.name: &apos;Mac OS X&apos;, os.arch: &apos;x86_64&apos;, os.version: &apos;10.14.4&apos;, java.version: &apos;1.8.0_171&apos;
Driver info: driver.version: AndroidDriver
	at org.openqa.selenium.remote.ProtocolHandshake.createSession(ProtocolHandshake.java:111)
	... 36 more
... Removed 23 stack frames</div></td></tr></table><p class="totop"><a href="#summary">back to summary</a></p><h3 id="m1">tests.sampleTest#getResult</h3><table class="result"></table><p class="totop"><a href="#summary">back to summary</a></p><h3 id="m2">tests.sampleTest#getResult</h3><table class="result"></table><p class="totop"><a href="#summary">back to summary</a></p><h3 id="m3">tests.sampleTest#getResult</h3><table class="result"></table><p class="totop"><a href="#summary">back to summary</a></p><h3 id="m4">tests.sampleTest#getResult</h3><table class="result"></table><p class="totop"><a href="#summary">back to summary</a></p><h3 id="m5">tests.sampleTest#tearDown</h3><table class="result"></table><p class="totop"><a href="#summary">back to summary</a></p><h3 id="m6">tests.sampleTest#teardown</h3><table class="result"></table><p class="totop"><a href="#summary">back to summary</a></p><h3 id="m7">tests.sampleTest#clickSourceTest</h3><table class="result"></table><p class="totop"><a href="#summary">back to summary</a></p><h3 id="m8">tests.sampleTest#textValidateTest</h3><table class="result"></table><p class="totop"><a href="#summary">back to summary</a></p><h3 id="m9">tests.sampleTest#touchactionValidateTest</h3><table class="result"></table><p class="totop"><a href="#summary">back to summary</a></p><h3 id="m10">tests.sampleTest#webViewTest</h3><table class="result"></table><p class="totop"><a href="#summary">back to summary</a></p></body></html>