<?xml version="1.0" encoding="UTF-8"?>
<testng-results skipped="4" failed="0" total="4" passed="0">
  <reporter-output>
  </reporter-output>
  <suite name="sample automation suite" duration-ms="23" started-at="2019-04-17T09:22:13Z" finished-at="2019-04-17T09:22:13Z">
    <groups>
    </groups>
    <test name="demotests" duration-ms="23" started-at="2019-04-17T09:22:13Z" finished-at="2019-04-17T09:22:13Z">
      <class name="tests.sampleTest">
        <test-method status="PASS" signature="setUp()[pri:0, instance:tests.sampleTest@27a5f880]" name="setUp" is-config="true" duration-ms="182" started-at="2019-04-17T14:52:07Z" finished-at="2019-04-17T14:52:08Z">
          <reporter-output>
          </reporter-output>
        </test-method> <!-- setUp -->
        <test-method status="FAIL" signature="setup()[pri:0, instance:tests.sampleTest@27a5f880]" name="setup" is-config="true" duration-ms="0" started-at="2019-04-17T14:52:08Z" depends-on-methods="utils.TestReports.setUp" finished-at="2019-04-17T14:52:08Z">
          <exception class="org.openqa.selenium.WebDriverException">
            <message>
              <![CDATA[It is impossible to create a new session because 'createSession' which takes HttpClient, InputStream and long was not found or it is not accessible
Build info: version: '3.12.0', revision: '7c6e0b3', time: '2018-05-08T14:04:26.12Z'
System info: host: 'viswarajans-MacBook-Pro.local', ip: 'fe80:0:0:0:1446:4d78:74eb:8679%en0', os.name: 'Mac OS X', os.arch: 'x86_64', os.version: '10.14.4', java.version: '1.8.0_171'
Driver info: driver.version: AndroidDriver]]>
            </message>
            <full-stacktrace>
              <![CDATA[org.openqa.selenium.WebDriverException: It is impossible to create a new session because 'createSession' which takes HttpClient, InputStream and long was not found or it is not accessible
Build info: version: '3.12.0', revision: '7c6e0b3', time: '2018-05-08T14:04:26.12Z'
System info: host: 'viswarajans-MacBook-Pro.local', ip: 'fe80:0:0:0:1446:4d78:74eb:8679%en0', os.name: 'Mac OS X', os.arch: 'x86_64', os.version: '10.14.4', java.version: '1.8.0_171'
Driver info: driver.version: AndroidDriver
	at io.appium.java_client.remote.AppiumCommandExecutor$1.createSession(AppiumCommandExecutor.java:195)
	at io.appium.java_client.remote.AppiumCommandExecutor.createSession(AppiumCommandExecutor.java:209)
	at io.appium.java_client.remote.AppiumCommandExecutor.execute(AppiumCommandExecutor.java:231)
	at org.openqa.selenium.remote.RemoteWebDriver.execute(RemoteWebDriver.java:543)
	at io.appium.java_client.DefaultGenericMobileDriver.execute(DefaultGenericMobileDriver.java:42)
	at io.appium.java_client.AppiumDriver.execute(AppiumDriver.java:1)
	at io.appium.java_client.android.AndroidDriver.execute(AndroidDriver.java:1)
	at org.openqa.selenium.remote.RemoteWebDriver.startSession(RemoteWebDriver.java:207)
	at org.openqa.selenium.remote.RemoteWebDriver.<init>(RemoteWebDriver.java:130)
	at io.appium.java_client.DefaultGenericMobileDriver.<init>(DefaultGenericMobileDriver.java:38)
	at io.appium.java_client.AppiumDriver.<init>(AppiumDriver.java:84)
	at io.appium.java_client.AppiumDriver.<init>(AppiumDriver.java:94)
	at io.appium.java_client.android.AndroidDriver.<init>(AndroidDriver.java:93)
	at setup.Base.setup(Base.java:65)
	at sun.reflect.NativeMethodAccessorImpl.invoke0(Native Method)
	at sun.reflect.NativeMethodAccessorImpl.invoke(NativeMethodAccessorImpl.java:62)
	at sun.reflect.DelegatingMethodAccessorImpl.invoke(DelegatingMethodAccessorImpl.java:43)
	at java.lang.reflect.Method.invoke(Method.java:498)
	at org.testng.internal.MethodInvocationHelper.invokeMethod(MethodInvocationHelper.java:86)
	at org.testng.internal.Invoker.invokeConfigurationMethod(Invoker.java:514)
	at org.testng.internal.Invoker.invokeConfigurations(Invoker.java:215)
	at org.testng.internal.Invoker.invokeConfigurations(Invoker.java:142)
	at org.testng.SuiteRunner.privateRun(SuiteRunner.java:305)
	at org.testng.SuiteRunner.run(SuiteRunner.java:268)
	at org.testng.SuiteRunnerWorker.runSuite(SuiteRunnerWorker.java:52)
	at org.testng.SuiteRunnerWorker.run(SuiteRunnerWorker.java:86)
	at org.testng.TestNG.runSuitesSequentially(TestNG.java:1244)
	at org.testng.TestNG.runSuitesLocally(TestNG.java:1169)
	at org.testng.TestNG.run(TestNG.java:1064)
	at org.testng.remote.AbstractRemoteTestNG.run(AbstractRemoteTestNG.java:126)
	at org.testng.remote.RemoteTestNG.initAndRun(RemoteTestNG.java:152)
	at org.testng.remote.RemoteTestNG.main(RemoteTestNG.java:57)
Caused by: java.lang.reflect.InvocationTargetException
	at sun.reflect.NativeMethodAccessorImpl.invoke0(Native Method)
	at sun.reflect.NativeMethodAccessorImpl.invoke(NativeMethodAccessorImpl.java:62)
	at sun.reflect.DelegatingMethodAccessorImpl.invoke(DelegatingMethodAccessorImpl.java:43)
	at java.lang.reflect.Method.invoke(Method.java:498)
	at io.appium.java_client.remote.AppiumCommandExecutor$1.createSession(AppiumCommandExecutor.java:185)
	... 31 more
Caused by: org.openqa.selenium.WebDriverException: Unable to parse remote response: <!DOCTYPE html>
<html lang="en">
<head>
<meta charset="utf-8">
<title>Error</title>
</head>
<body>
<pre>Error [ERR_STREAM_DESTROYED]: Cannot call write after a stream was destroyed<br> &nbsp; &nbsp;at doWrite (_stream_writable.js:411:19)<br> &nbsp; &nbsp;at writeOrBuffer (_stream_writable.js:399:5)<br> &nbsp; &nbsp;at Socket.Writable.write (_stream_writable.js:299:11)<br> &nbsp; &nbsp;at Console.log (/usr/local/lib/node_modules/appium/node_modules/winston/lib/winston/transports/console.js:79:23)<br> &nbsp; &nbsp;at Console._write (/usr/local/lib/node_modules/appium/node_modules/winston-transport/index.js:102:17)<br> &nbsp; &nbsp;at doWrite (/usr/local/lib/node_modules/appium/node_modules/readable-stream/lib/_stream_writable.js:428:64)<br> &nbsp; &nbsp;at writeOrBuffer (/usr/local/lib/node_modules/appium/node_modules/readable-stream/lib/_stream_writable.js:417:5)<br> &nbsp; &nbsp;at Console.Writable.write (/usr/local/lib/node_modules/appium/node_modules/readable-stream/lib/_stream_writable.js:334:11)<br> &nbsp; &nbsp;at DerivedLogger.ondata (/usr/local/lib/node_modules/appium/node_modules/winston/node_modules/readable-stream/lib/_stream_readable.js:662:20)<br> &nbsp; &nbsp;at DerivedLogger.emit (events.js:188:13)<br> &nbsp; &nbsp;at addChunk (/usr/local/lib/node_modules/appium/node_modules/winston/node_modules/readable-stream/lib/_stream_readable.js:297:12)<br> &nbsp; &nbsp;at readableAddChunk (/usr/local/lib/node_modules/appium/node_modules/winston/node_modules/readable-stream/lib/_stream_readable.js:279:11)<br> &nbsp; &nbsp;at DerivedLogger.Readable.push (/usr/local/lib/node_modules/appium/node_modules/winston/node_modules/readable-stream/lib/_stream_readable.js:240:10)<br> &nbsp; &nbsp;at DerivedLogger.Transform.push (/usr/local/lib/node_modules/appium/node_modules/winston/node_modules/readable-stream/lib/_stream_transform.js:139:32)<br> &nbsp; &nbsp;at DerivedLogger._transform (/usr/local/lib/node_modules/appium/node_modules/winston/lib/winston/logger.js:305:12)<br> &nbsp; &nbsp;at DerivedLogger.Transform._read (/usr/local/lib/node_modules/appium/node_modules/winston/node_modules/readable-stream/lib/_stream_transform.js:177:10)<br> &nbsp; &nbsp;at DerivedLogger.Transform._write (/usr/local/lib/node_modules/appium/node_modules/winston/node_modules/readable-stream/lib/_stream_transform.js:164:83)<br> &nbsp; &nbsp;at doWrite (/usr/local/lib/node_modules/appium/node_modules/winston/node_modules/readable-stream/lib/_stream_writable.js:405:139)<br> &nbsp; &nbsp;at writeOrBuffer (/usr/local/lib/node_modules/appium/node_modules/winston/node_modules/readable-stream/lib/_stream_writable.js:394:5)<br> &nbsp; &nbsp;at DerivedLogger.Writable.write (/usr/local/lib/node_modules/appium/node_modules/winston/node_modules/readable-stream/lib/_stream_writable.js:303:11)<br> &nbsp; &nbsp;at DerivedLogger.(anonymous function) [as info] (/usr/local/lib/node_modules/appium/node_modules/winston/lib/winston/create-logger.js:81:14)<br> &nbsp; &nbsp;at EventEmitter._npmlog.default.on.logObj (/usr/local/lib/node_modules/appium/lib/logsink.js:203:5)</pre>
</body>
</html>

Build info: version: '3.12.0', revision: '7c6e0b3', time: '2018-05-08T14:04:26.12Z'
System info: host: 'viswarajans-MacBook-Pro.local', ip: 'fe80:0:0:0:1446:4d78:74eb:8679%en0', os.name: 'Mac OS X', os.arch: 'x86_64', os.version: '10.14.4', java.version: '1.8.0_171'
Driver info: driver.version: AndroidDriver
	at org.openqa.selenium.remote.ProtocolHandshake.createSession(ProtocolHandshake.java:111)
	... 36 more
]]>
            </full-stacktrace>
          </exception> <!-- org.openqa.selenium.WebDriverException -->
          <reporter-output>
          </reporter-output>
        </test-method> <!-- setup -->
        <test-method status="SKIP" signature="webViewTest()[pri:1, instance:tests.sampleTest@27a5f880]" name="webViewTest" duration-ms="2" started-at="2019-04-17T14:52:13Z" finished-at="2019-04-17T14:52:13Z">
          <reporter-output>
          </reporter-output>
        </test-method> <!-- webViewTest -->
        <test-method status="SKIP" signature="getResult(org.testng.ITestResult)[pri:0, instance:tests.sampleTest@27a5f880]" name="getResult" is-config="true" duration-ms="0" started-at="2019-04-17T14:52:13Z" finished-at="2019-04-17T14:52:13Z">
          <reporter-output>
          </reporter-output>
        </test-method> <!-- getResult -->
        <test-method status="SKIP" signature="clickSourceTest()[pri:2, instance:tests.sampleTest@27a5f880]" name="clickSourceTest" duration-ms="1" started-at="2019-04-17T14:52:13Z" finished-at="2019-04-17T14:52:13Z">
          <reporter-output>
          </reporter-output>
        </test-method> <!-- clickSourceTest -->
        <test-method status="SKIP" signature="getResult(org.testng.ITestResult)[pri:0, instance:tests.sampleTest@27a5f880]" name="getResult" is-config="true" duration-ms="0" started-at="2019-04-17T14:52:13Z" finished-at="2019-04-17T14:52:13Z">
          <reporter-output>
          </reporter-output>
        </test-method> <!-- getResult -->
        <test-method status="SKIP" signature="textValidateTest()[pri:3, instance:tests.sampleTest@27a5f880]" name="textValidateTest" duration-ms="1" started-at="2019-04-17T14:52:13Z" finished-at="2019-04-17T14:52:13Z">
          <reporter-output>
          </reporter-output>
        </test-method> <!-- textValidateTest -->
        <test-method status="SKIP" signature="getResult(org.testng.ITestResult)[pri:0, instance:tests.sampleTest@27a5f880]" name="getResult" is-config="true" duration-ms="0" started-at="2019-04-17T14:52:13Z" finished-at="2019-04-17T14:52:13Z">
          <reporter-output>
          </reporter-output>
        </test-method> <!-- getResult -->
        <test-method status="SKIP" signature="touchactionValidateTest()[pri:4, instance:tests.sampleTest@27a5f880]" name="touchactionValidateTest" duration-ms="2" started-at="2019-04-17T14:52:13Z" finished-at="2019-04-17T14:52:13Z">
          <reporter-output>
          </reporter-output>
        </test-method> <!-- touchactionValidateTest -->
        <test-method status="SKIP" signature="getResult(org.testng.ITestResult)[pri:0, instance:tests.sampleTest@27a5f880]" name="getResult" is-config="true" duration-ms="0" started-at="2019-04-17T14:52:13Z" finished-at="2019-04-17T14:52:13Z">
          <reporter-output>
          </reporter-output>
        </test-method> <!-- getResult -->
        <test-method status="SKIP" signature="teardown()[pri:0, instance:tests.sampleTest@27a5f880]" name="teardown" is-config="true" duration-ms="0" started-at="2019-04-17T14:52:18Z" finished-at="2019-04-17T14:52:18Z">
          <reporter-output>
          </reporter-output>
        </test-method> <!-- teardown -->
        <test-method status="SKIP" signature="tearDown()[pri:0, instance:tests.sampleTest@27a5f880]" name="tearDown" is-config="true" duration-ms="0" started-at="2019-04-17T14:52:18Z" depends-on-methods="setup.Base.teardown" finished-at="2019-04-17T14:52:18Z">
          <reporter-output>
          </reporter-output>
        </test-method> <!-- tearDown -->
      </class> <!-- tests.sampleTest -->
    </test> <!-- demotests -->
  </suite> <!-- sample automation suite -->
</testng-results>
