<html>
<head>
<title>TestNG:  demotests</title>
<link href="../testng.css" rel="stylesheet" type="text/css" />
<link href="../my-testng.css" rel="stylesheet" type="text/css" />

<style type="text/css">
.log { display: none;} 
.stack-trace { display: none;} 
</style>
<script type="text/javascript">
<!--
function flip(e) {
  current = e.style.display;
  if (current == 'block') {
    e.style.display = 'none';
    return 0;
  }
  else {
    e.style.display = 'block';
    return 1;
  }
}

function toggleBox(szDivId, elem, msg1, msg2)
{
  var res = -1;  if (document.getElementById) {
    res = flip(document.getElementById(szDivId));
  }
  else if (document.all) {
    // this is the way old msie versions work
    res = flip(document.all[szDivId]);
  }
  if(elem) {
    if(res == 0) elem.innerHTML = msg1; else elem.innerHTML = msg2;
  }

}

function toggleAllBoxes() {
  if (document.getElementsByTagName) {
    d = document.getElementsByTagName('div');
    for (i = 0; i < d.length; i++) {
      if (d[i].className == 'log') {
        flip(d[i]);
      }
    }
  }
}

// -->
</script>

</head>
<body>
<h2 align='center'>demotests</h2><table border='1' align="center">
<tr>
<td>Tests passed/Failed/Skipped:</td><td>0/0/4</td>
</tr><tr>
<td>Started on:</td><td>Wed Apr 17 14:52:13 IST 2019</td>
</tr>
<tr><td>Total time:</td><td>0 seconds (23 ms)</td>
</tr><tr>
<td>Included groups:</td><td></td>
</tr><tr>
<td>Excluded groups:</td><td></td>
</tr>
</table><p/>
<small><i>(Hover the method name to see the test class name)</i></small><p/>
<table width='100%' border='1' class='invocation-failed'>
<tr><td colspan='4' align='center'><b>FAILED CONFIGURATIONS</b></td></tr>
<tr><td><b>Test method</b></td>
<td width="30%"><b>Exception</b></td>
<td width="10%"><b>Time (seconds)</b></td>
<td><b>Instance</b></td>
</tr>
<tr>
<td title='tests.sampleTest.setup()'><b>setup</b><br>Test class: tests.sampleTest</td>
<td><div><pre>org.openqa.selenium.WebDriverException: It is impossible to create a new session because &apos;createSession&apos; which takes HttpClient, InputStream and long was not found or it is not accessible
Build info: version: &apos;3.12.0&apos;, revision: &apos;7c6e0b3&apos;, time: &apos;2018-05-08T14:04:26.12Z&apos;
System info: host: &apos;viswarajans-MacBook-Pro.local&apos;, ip: &apos;fe80:0:0:0:1446:4d78:74eb:8679%en0&apos;, os.name: &apos;Mac OS X&apos;, os.arch: &apos;x86_64&apos;, os.version: &apos;10.14.4&apos;, java.version: &apos;1.8.0_171&apos;
Driver info: driver.version: AndroidDriver
	at io.appium.java_client.remote.AppiumCommandExecutor$1.createSession(AppiumCommandExecutor.java:195)
	at io.appium.java_client.remote.AppiumCommandExecutor.createSession(AppiumCommandExecutor.java:209)
	at io.appium.java_client.remote.AppiumCommandExecutor.execute(AppiumCommandExecutor.java:231)
	at org.openqa.selenium.remote.RemoteWebDriver.execute(RemoteWebDriver.java:543)
	at io.appium.java_client.DefaultGenericMobileDriver.execute(DefaultGenericMobileDriver.java:42)
	at io.appium.java_client.AppiumDriver.execute(AppiumDriver.java:1)
	at io.appium.java_client.android.AndroidDriver.execute(AndroidDriver.java:1)
	at org.openqa.selenium.remote.RemoteWebDriver.startSession(RemoteWebDriver.java:207)
	at org.openqa.selenium.remote.RemoteWebDriver.&lt;init&gt;(RemoteWebDriver.java:130)
	at io.appium.java_client.DefaultGenericMobileDriver.&lt;init&gt;(DefaultGenericMobileDriver.java:38)
	at io.appium.java_client.AppiumDriver.&lt;init&gt;(AppiumDriver.java:84)
	at io.appium.java_client.AppiumDriver.&lt;init&gt;(AppiumDriver.java:94)
	at io.appium.java_client.android.AndroidDriver.&lt;init&gt;(AndroidDriver.java:93)
	at setup.Base.setup(Base.java:65)
	at io.appium.java_client.remote.AppiumCommandExecutor$1.createSession(AppiumCommandExecutor.java:185)
	... 31 more
Caused by: org.openqa.selenium.WebDriverException: Unable to parse remote response: &lt;!DOCTYPE html&gt;
&lt;html lang=&quot;en&quot;&gt;
&lt;head&gt;
&lt;meta charset=&quot;utf-8&quot;&gt;
&lt;title&gt;Error&lt;/title&gt;
&lt;/head&gt;
&lt;body&gt;
&lt;pre&gt;Error [ERR_STREAM_DESTROYED]: Cannot call write after a stream was destroyed&lt;br&gt; &amp;nbsp; &amp;nbsp;at doWrite (_stream_writable.js:411:19)&lt;br&gt; &amp;nbsp; &amp;nbsp;at writeOrBuffer (_stream_writable.js:399:5)&lt;br&gt; &amp;nbsp; &amp;nbsp;at Socket.Writable.write (_stream_writable.js:299:11)&lt;br&gt; &amp;nbsp; &amp;nbsp;at Console.log (/usr/local/lib/node_modules/appium/node_modules/winston/lib/winston/transports/console.js:79:23)&lt;br&gt; &amp;nbsp; &amp;nbsp;at Console._write (/usr/local/lib/node_modules/appium/node_modules/winston-transport/index.js:102:17)&lt;br&gt; &amp;nbsp; &amp;nbsp;at doWrite (/usr/local/lib/node_modules/appium/node_modules/readable-stream/lib/_stream_writable.js:428:64)&lt;br&gt; &amp;nbsp; &amp;nbsp;at writeOrBuffer (/usr/local/lib/node_modules/appium/node_modules/readable-stream/lib/_stream_writable.js:417:5)&lt;br&gt; &amp;nbsp; &amp;nbsp;at Console.Writable.write (/usr/local/lib/node_modules/appium/node_modules/readable-stream/lib/_stream_writable.js:334:11)&lt;br&gt; &amp;nbsp; &amp;nbsp;at DerivedLogger.ondata (/usr/local/lib/node_modules/appium/node_modules/winston/node_modules/readable-stream/lib/_stream_readable.js:662:20)&lt;br&gt; &amp;nbsp; &amp;nbsp;at DerivedLogger.emit (events.js:188:13)&lt;br&gt; &amp;nbsp; &amp;nbsp;at addChunk (/usr/local/lib/node_modules/appium/node_modules/winston/node_modules/readable-stream/lib/_stream_readable.js:297:12)&lt;br&gt; &amp;nbsp; &amp;nbsp;at readableAddChunk (/usr/local/lib/node_modules/appium/node_modules/winston/node_modules/readable-stream/lib/_stream_readable.js:279:11)&lt;br&gt; &amp;nbsp; &amp;nbsp;at DerivedLogger.Readable.push (/usr/local/lib/node_modules/appium/node_modules/winston/node_modules/readable-stream/lib/_stream_readable.js:240:10)&lt;br&gt; &amp;nbsp; &amp;nbsp;at DerivedLogger.Transform.push (/usr/local/lib/node_modules/appium/node_modules/winston/node_modules/readable-stream/lib/_stream_transform.js:139:32)&lt;br&gt; &amp;nbsp; &amp;nbsp;at DerivedLogger._transform (/usr/local/lib/node_modules/appium/node_modules/winston/lib/winston/logger.js:305:12)&lt;br&gt; &amp;nbsp; &amp;nbsp;at DerivedLogger.Transform._read (/usr/local/lib/node_modules/appium/node_modules/winston/node_modules/readable-stream/lib/_stream_transform.js:177:10)&lt;br&gt; &amp;nbsp; &amp;nbsp;at DerivedLogger.Transform._write (/usr/local/lib/node_modules/appium/node_modules/winston/node_modules/readable-stream/lib/_stream_transform.js:164:83)&lt;br&gt; &amp;nbsp; &amp;nbsp;at doWrite (/usr/local/lib/node_modules/appium/node_modules/winston/node_modules/readable-stream/lib/_stream_writable.js:405:139)&lt;br&gt; &amp;nbsp; &amp;nbsp;at writeOrBuffer (/usr/local/lib/node_modules/appium/node_modules/winston/node_modules/readable-stream/lib/_stream_writable.js:394:5)&lt;br&gt; &amp;nbsp; &amp;nbsp;at DerivedLogger.Writable.write (/usr/local/lib/node_modules/appium/node_modules/winston/node_modules/readable-stream/lib/_stream_writable.js:303:11)&lt;br&gt; &amp;nbsp; &amp;nbsp;at DerivedLogger.(anonymous function) [as info] (/usr/local/lib/node_modules/appium/node_modules/winston/lib/winston/create-logger.js:81:14)&lt;br&gt; &amp;nbsp; &amp;nbsp;at EventEmitter._npmlog.default.on.logObj (/usr/local/lib/node_modules/appium/lib/logsink.js:203:5)&lt;/pre&gt;
&lt;/body&gt;
&lt;/html&gt;

Build info: version: &apos;3.12.0&apos;, revision: &apos;7c6e0b3&apos;, time: &apos;2018-05-08T14:04:26.12Z&apos;
System info: host: &apos;viswarajans-MacBook-Pro.local&apos;, ip: &apos;fe80:0:0:0:1446:4d78:74eb:8679%en0&apos;, os.name: &apos;Mac OS X&apos;, os.arch: &apos;x86_64&apos;, os.version: &apos;10.14.4&apos;, java.version: &apos;1.8.0_171&apos;
Driver info: driver.version: AndroidDriver
	at org.openqa.selenium.remote.ProtocolHandshake.createSession(ProtocolHandshake.java:111)
	... 36 more
... Removed 23 stack frames</pre></div><a href='#' onClick='toggleBox("stack-trace1070044969", this, "Click to show all stack frames", "Click to hide stack frames")'>Click to show all stack frames</a>
<div class='stack-trace' id='stack-trace1070044969'><pre>org.openqa.selenium.WebDriverException: It is impossible to create a new session because &apos;createSession&apos; which takes HttpClient, InputStream and long was not found or it is not accessible
Build info: version: &apos;3.12.0&apos;, revision: &apos;7c6e0b3&apos;, time: &apos;2018-05-08T14:04:26.12Z&apos;
System info: host: &apos;viswarajans-MacBook-Pro.local&apos;, ip: &apos;fe80:0:0:0:1446:4d78:74eb:8679%en0&apos;, os.name: &apos;Mac OS X&apos;, os.arch: &apos;x86_64&apos;, os.version: &apos;10.14.4&apos;, java.version: &apos;1.8.0_171&apos;
Driver info: driver.version: AndroidDriver
	at io.appium.java_client.remote.AppiumCommandExecutor$1.createSession(AppiumCommandExecutor.java:195)
	at io.appium.java_client.remote.AppiumCommandExecutor.createSession(AppiumCommandExecutor.java:209)
	at io.appium.java_client.remote.AppiumCommandExecutor.execute(AppiumCommandExecutor.java:231)
	at org.openqa.selenium.remote.RemoteWebDriver.execute(RemoteWebDriver.java:543)
	at io.appium.java_client.DefaultGenericMobileDriver.execute(DefaultGenericMobileDriver.java:42)
	at io.appium.java_client.AppiumDriver.execute(AppiumDriver.java:1)
	at io.appium.java_client.android.AndroidDriver.execute(AndroidDriver.java:1)
	at org.openqa.selenium.remote.RemoteWebDriver.startSession(RemoteWebDriver.java:207)
	at org.openqa.selenium.remote.RemoteWebDriver.&lt;init&gt;(RemoteWebDriver.java:130)
	at io.appium.java_client.DefaultGenericMobileDriver.&lt;init&gt;(DefaultGenericMobileDriver.java:38)
	at io.appium.java_client.AppiumDriver.&lt;init&gt;(AppiumDriver.java:84)
	at io.appium.java_client.AppiumDriver.&lt;init&gt;(AppiumDriver.java:94)
	at io.appium.java_client.android.AndroidDriver.&lt;init&gt;(AndroidDriver.java:93)
	at setup.Base.setup(Base.java:65)
	at sun.reflect.NativeMethodAccessorImpl.invoke0(Native Method)
	at sun.reflect.NativeMethodAccessorImpl.invoke(NativeMethodAccessorImpl.java:62)
	at sun.reflect.DelegatingMethodAccessorImpl.invoke(DelegatingMethodAccessorImpl.java:43)
	at java.lang.reflect.Method.invoke(Method.java:498)
	at org.testng.internal.MethodInvocationHelper.invokeMethod(MethodInvocationHelper.java:86)
	at org.testng.internal.Invoker.invokeConfigurationMethod(Invoker.java:514)
	at org.testng.internal.Invoker.invokeConfigurations(Invoker.java:215)
	at org.testng.internal.Invoker.invokeConfigurations(Invoker.java:142)
	at org.testng.SuiteRunner.privateRun(SuiteRunner.java:305)
	at org.testng.SuiteRunner.run(SuiteRunner.java:268)
	at org.testng.SuiteRunnerWorker.runSuite(SuiteRunnerWorker.java:52)
	at org.testng.SuiteRunnerWorker.run(SuiteRunnerWorker.java:86)
	at org.testng.TestNG.runSuitesSequentially(TestNG.java:1244)
	at org.testng.TestNG.runSuitesLocally(TestNG.java:1169)
	at org.testng.TestNG.run(TestNG.java:1064)
	at org.testng.remote.AbstractRemoteTestNG.run(AbstractRemoteTestNG.java:126)
	at org.testng.remote.RemoteTestNG.initAndRun(RemoteTestNG.java:152)
	at org.testng.remote.RemoteTestNG.main(RemoteTestNG.java:57)
Caused by: java.lang.reflect.InvocationTargetException
	at sun.reflect.NativeMethodAccessorImpl.invoke0(Native Method)
	at sun.reflect.NativeMethodAccessorImpl.invoke(NativeMethodAccessorImpl.java:62)
	at sun.reflect.DelegatingMethodAccessorImpl.invoke(DelegatingMethodAccessorImpl.java:43)
	at java.lang.reflect.Method.invoke(Method.java:498)
	at io.appium.java_client.remote.AppiumCommandExecutor$1.createSession(AppiumCommandExecutor.java:185)
	... 31 more
Caused by: org.openqa.selenium.WebDriverException: Unable to parse remote response: &lt;!DOCTYPE html&gt;
&lt;html lang=&quot;en&quot;&gt;
&lt;head&gt;
&lt;meta charset=&quot;utf-8&quot;&gt;
&lt;title&gt;Error&lt;/title&gt;
&lt;/head&gt;
&lt;body&gt;
&lt;pre&gt;Error [ERR_STREAM_DESTROYED]: Cannot call write after a stream was destroyed&lt;br&gt; &amp;nbsp; &amp;nbsp;at doWrite (_stream_writable.js:411:19)&lt;br&gt; &amp;nbsp; &amp;nbsp;at writeOrBuffer (_stream_writable.js:399:5)&lt;br&gt; &amp;nbsp; &amp;nbsp;at Socket.Writable.write (_stream_writable.js:299:11)&lt;br&gt; &amp;nbsp; &amp;nbsp;at Console.log (/usr/local/lib/node_modules/appium/node_modules/winston/lib/winston/transports/console.js:79:23)&lt;br&gt; &amp;nbsp; &amp;nbsp;at Console._write (/usr/local/lib/node_modules/appium/node_modules/winston-transport/index.js:102:17)&lt;br&gt; &amp;nbsp; &amp;nbsp;at doWrite (/usr/local/lib/node_modules/appium/node_modules/readable-stream/lib/_stream_writable.js:428:64)&lt;br&gt; &amp;nbsp; &amp;nbsp;at writeOrBuffer (/usr/local/lib/node_modules/appium/node_modules/readable-stream/lib/_stream_writable.js:417:5)&lt;br&gt; &amp;nbsp; &amp;nbsp;at Console.Writable.write (/usr/local/lib/node_modules/appium/node_modules/readable-stream/lib/_stream_writable.js:334:11)&lt;br&gt; &amp;nbsp; &amp;nbsp;at DerivedLogger.ondata (/usr/local/lib/node_modules/appium/node_modules/winston/node_modules/readable-stream/lib/_stream_readable.js:662:20)&lt;br&gt; &amp;nbsp; &amp;nbsp;at DerivedLogger.emit (events.js:188:13)&lt;br&gt; &amp;nbsp; &amp;nbsp;at addChunk (/usr/local/lib/node_modules/appium/node_modules/winston/node_modules/readable-stream/lib/_stream_readable.js:297:12)&lt;br&gt; &amp;nbsp; &amp;nbsp;at readableAddChunk (/usr/local/lib/node_modules/appium/node_modules/winston/node_modules/readable-stream/lib/_stream_readable.js:279:11)&lt;br&gt; &amp;nbsp; &amp;nbsp;at DerivedLogger.Readable.push (/usr/local/lib/node_modules/appium/node_modules/winston/node_modules/readable-stream/lib/_stream_readable.js:240:10)&lt;br&gt; &amp;nbsp; &amp;nbsp;at DerivedLogger.Transform.push (/usr/local/lib/node_modules/appium/node_modules/winston/node_modules/readable-stream/lib/_stream_transform.js:139:32)&lt;br&gt; &amp;nbsp; &amp;nbsp;at DerivedLogger._transform (/usr/local/lib/node_modules/appium/node_modules/winston/lib/winston/logger.js:305:12)&lt;br&gt; &amp;nbsp; &amp;nbsp;at DerivedLogger.Transform._read (/usr/local/lib/node_modules/appium/node_modules/winston/node_modules/readable-stream/lib/_stream_transform.js:177:10)&lt;br&gt; &amp;nbsp; &amp;nbsp;at DerivedLogger.Transform._write (/usr/local/lib/node_modules/appium/node_modules/winston/node_modules/readable-stream/lib/_stream_transform.js:164:83)&lt;br&gt; &amp;nbsp; &amp;nbsp;at doWrite (/usr/local/lib/node_modules/appium/node_modules/winston/node_modules/readable-stream/lib/_stream_writable.js:405:139)&lt;br&gt; &amp;nbsp; &amp;nbsp;at writeOrBuffer (/usr/local/lib/node_modules/appium/node_modules/winston/node_modules/readable-stream/lib/_stream_writable.js:394:5)&lt;br&gt; &amp;nbsp; &amp;nbsp;at DerivedLogger.Writable.write (/usr/local/lib/node_modules/appium/node_modules/winston/node_modules/readable-stream/lib/_stream_writable.js:303:11)&lt;br&gt; &amp;nbsp; &amp;nbsp;at DerivedLogger.(anonymous function) [as info] (/usr/local/lib/node_modules/appium/node_modules/winston/lib/winston/create-logger.js:81:14)&lt;br&gt; &amp;nbsp; &amp;nbsp;at EventEmitter._npmlog.default.on.logObj (/usr/local/lib/node_modules/appium/lib/logsink.js:203:5)&lt;/pre&gt;
&lt;/body&gt;
&lt;/html&gt;

Build info: version: &apos;3.12.0&apos;, revision: &apos;7c6e0b3&apos;, time: &apos;2018-05-08T14:04:26.12Z&apos;
System info: host: &apos;viswarajans-MacBook-Pro.local&apos;, ip: &apos;fe80:0:0:0:1446:4d78:74eb:8679%en0&apos;, os.name: &apos;Mac OS X&apos;, os.arch: &apos;x86_64&apos;, os.version: &apos;10.14.4&apos;, java.version: &apos;1.8.0_171&apos;
Driver info: driver.version: AndroidDriver
	at org.openqa.selenium.remote.ProtocolHandshake.createSession(ProtocolHandshake.java:111)
	... 36 more
</pre></div></td>
<td>0</td>
<td>null</td></tr>
</table><p>
<table width='100%' border='1' class='invocation-skipped'>
<tr><td colspan='4' align='center'><b>SKIPPED CONFIGURATIONS</b></td></tr>
<tr><td><b>Test method</b></td>
<td width="30%"><b>Exception</b></td>
<td width="10%"><b>Time (seconds)</b></td>
<td><b>Instance</b></td>
</tr>
<tr>
<td title='tests.sampleTest.getResult()'><b>getResult</b><br>Test class: tests.sampleTest</td>
<td></td>
<td>0</td>
<td>tests.sampleTest@27a5f880</td></tr>
<tr>
<td title='tests.sampleTest.getResult()'><b>getResult</b><br>Test class: tests.sampleTest</td>
<td></td>
<td>0</td>
<td>tests.sampleTest@27a5f880</td></tr>
<tr>
<td title='tests.sampleTest.getResult()'><b>getResult</b><br>Test class: tests.sampleTest</td>
<td></td>
<td>0</td>
<td>tests.sampleTest@27a5f880</td></tr>
<tr>
<td title='tests.sampleTest.getResult()'><b>getResult</b><br>Test class: tests.sampleTest</td>
<td></td>
<td>0</td>
<td>tests.sampleTest@27a5f880</td></tr>
</table><p>
<table width='100%' border='1' class='invocation-skipped'>
<tr><td colspan='4' align='center'><b>SKIPPED TESTS</b></td></tr>
<tr><td><b>Test method</b></td>
<td width="30%"><b>Exception</b></td>
<td width="10%"><b>Time (seconds)</b></td>
<td><b>Instance</b></td>
</tr>
<tr>
<td title='tests.sampleTest.clickSourceTest()'><b>clickSourceTest</b><br>Test class: tests.sampleTest</td>
<td></td>
<td>0</td>
<td>tests.sampleTest@27a5f880</td></tr>
<tr>
<td title='tests.sampleTest.textValidateTest()'><b>textValidateTest</b><br>Test class: tests.sampleTest</td>
<td></td>
<td>0</td>
<td>tests.sampleTest@27a5f880</td></tr>
<tr>
<td title='tests.sampleTest.touchactionValidateTest()'><b>touchactionValidateTest</b><br>Test class: tests.sampleTest</td>
<td></td>
<td>0</td>
<td>tests.sampleTest@27a5f880</td></tr>
<tr>
<td title='tests.sampleTest.webViewTest()'><b>webViewTest</b><br>Test class: tests.sampleTest</td>
<td></td>
<td>0</td>
<td>tests.sampleTest@27a5f880</td></tr>
</table><p>
</body>
</html>