<?xml version="1.0" encoding="UTF-8"?>
<!-- Generated by org.testng.reporters.JUnitXMLReporter -->
<testsuite hostname="viswarajans-MacBook-Pro.local" name="demotests" tests="4" failures="0" timestamp="17 Apr 2019 09:22:18 GMT" time="0.023" errors="0">
  <testcase name="@BeforeSuite setup" time="0.0" classname="tests.sampleTest">
    <failure type="org.openqa.selenium.WebDriverException" message="It is impossible to create a new session because &amp;apos;createSession&amp;apos; which takes HttpClient, InputStream and long was not found or it is not accessible
Build info: version: &amp;apos;3.12.0&amp;apos;, revision: &amp;apos;7c6e0b3&amp;apos;, time: &amp;apos;2018-05-08T14:04:26.12Z&amp;apos;
System info: host: &amp;apos;viswarajans-MacBook-Pro.local&amp;apos;, ip: &amp;apos;fe80:0:0:0:1446:4d78:74eb:8679%en0&amp;apos;, os.name: &amp;apos;Mac OS X&amp;apos;, os.arch: &amp;apos;x86_64&amp;apos;, os.version: &amp;apos;10.14.4&amp;apos;, java.version: &amp;apos;1.8.0_171&amp;apos;
Driver info: driver.version: AndroidDriver">
      <![CDATA[org.openqa.selenium.WebDriverException: It is impossible to create a new session because 'createSession' which takes HttpClient, InputStream and long was not found or it is not accessible
Build info: version: '3.12.0', revision: '7c6e0b3', time: '2018-05-08T14:04:26.12Z'
System info: host: 'viswarajans-MacBook-Pro.local', ip: 'fe80:0:0:0:1446:4d78:74eb:8679%en0', os.name: 'Mac OS X', os.arch: 'x86_64', os.version: '10.14.4', java.version: '1.8.0_171'
Driver info: driver.version: AndroidDriver
	at io.appium.java_client.remote.AppiumCommandExecutor$1.createSession(AppiumCommandExecutor.java:195)
	at io.appium.java_client.remote.AppiumCommandExecutor.createSession(AppiumCommandExecutor.java:209)
	at io.appium.java_client.remote.AppiumCommandExecutor.execute(AppiumCommandExecutor.java:231)
	at org.openqa.selenium.remote.RemoteWebDriver.execute(RemoteWebDriver.java:543)
	at io.appium.java_client.DefaultGenericMobileDriver.execute(DefaultGenericMobileDriver.java:42)
	at io.appium.java_client.AppiumDriver.execute(AppiumDriver.java:1)
	at io.appium.java_client.android.AndroidDriver.execute(AndroidDriver.java:1)
	at org.openqa.selenium.remote.RemoteWebDriver.startSession(RemoteWebDriver.java:207)
	at org.openqa.selenium.remote.RemoteWebDriver.<init>(RemoteWebDriver.java:130)
	at io.appium.java_client.DefaultGenericMobileDriver.<init>(DefaultGenericMobileDriver.java:38)
	at io.appium.java_client.AppiumDriver.<init>(AppiumDriver.java:84)
	at io.appium.java_client.AppiumDriver.<init>(AppiumDriver.java:94)
	at io.appium.java_client.android.AndroidDriver.<init>(AndroidDriver.java:93)
	at setup.Base.setup(Base.java:65)
	at io.appium.java_client.remote.AppiumCommandExecutor$1.createSession(AppiumCommandExecutor.java:185)
	... 31 more
Caused by: org.openqa.selenium.WebDriverException: Unable to parse remote response: <!DOCTYPE html>
<html lang="en">
<head>
<meta charset="utf-8">
<title>Error</title>
</head>
<body>
<pre>Error [ERR_STREAM_DESTROYED]: Cannot call write after a stream was destroyed<br> &nbsp; &nbsp;at doWrite (_stream_writable.js:411:19)<br> &nbsp; &nbsp;at writeOrBuffer (_stream_writable.js:399:5)<br> &nbsp; &nbsp;at Socket.Writable.write (_stream_writable.js:299:11)<br> &nbsp; &nbsp;at Console.log (/usr/local/lib/node_modules/appium/node_modules/winston/lib/winston/transports/console.js:79:23)<br> &nbsp; &nbsp;at Console._write (/usr/local/lib/node_modules/appium/node_modules/winston-transport/index.js:102:17)<br> &nbsp; &nbsp;at doWrite (/usr/local/lib/node_modules/appium/node_modules/readable-stream/lib/_stream_writable.js:428:64)<br> &nbsp; &nbsp;at writeOrBuffer (/usr/local/lib/node_modules/appium/node_modules/readable-stream/lib/_stream_writable.js:417:5)<br> &nbsp; &nbsp;at Console.Writable.write (/usr/local/lib/node_modules/appium/node_modules/readable-stream/lib/_stream_writable.js:334:11)<br> &nbsp; &nbsp;at DerivedLogger.ondata (/usr/local/lib/node_modules/appium/node_modules/winston/node_modules/readable-stream/lib/_stream_readable.js:662:20)<br> &nbsp; &nbsp;at DerivedLogger.emit (events.js:188:13)<br> &nbsp; &nbsp;at addChunk (/usr/local/lib/node_modules/appium/node_modules/winston/node_modules/readable-stream/lib/_stream_readable.js:297:12)<br> &nbsp; &nbsp;at readableAddChunk (/usr/local/lib/node_modules/appium/node_modules/winston/node_modules/readable-stream/lib/_stream_readable.js:279:11)<br> &nbsp; &nbsp;at DerivedLogger.Readable.push (/usr/local/lib/node_modules/appium/node_modules/winston/node_modules/readable-stream/lib/_stream_readable.js:240:10)<br> &nbsp; &nbsp;at DerivedLogger.Transform.push (/usr/local/lib/node_modules/appium/node_modules/winston/node_modules/readable-stream/lib/_stream_transform.js:139:32)<br> &nbsp; &nbsp;at DerivedLogger._transform (/usr/local/lib/node_modules/appium/node_modules/winston/lib/winston/logger.js:305:12)<br> &nbsp; &nbsp;at DerivedLogger.Transform._read (/usr/local/lib/node_modules/appium/node_modules/winston/node_modules/readable-stream/lib/_stream_transform.js:177:10)<br> &nbsp; &nbsp;at DerivedLogger.Transform._write (/usr/local/lib/node_modules/appium/node_modules/winston/node_modules/readable-stream/lib/_stream_transform.js:164:83)<br> &nbsp; &nbsp;at doWrite (/usr/local/lib/node_modules/appium/node_modules/winston/node_modules/readable-stream/lib/_stream_writable.js:405:139)<br> &nbsp; &nbsp;at writeOrBuffer (/usr/local/lib/node_modules/appium/node_modules/winston/node_modules/readable-stream/lib/_stream_writable.js:394:5)<br> &nbsp; &nbsp;at DerivedLogger.Writable.write (/usr/local/lib/node_modules/appium/node_modules/winston/node_modules/readable-stream/lib/_stream_writable.js:303:11)<br> &nbsp; &nbsp;at DerivedLogger.(anonymous function) [as info] (/usr/local/lib/node_modules/appium/node_modules/winston/lib/winston/create-logger.js:81:14)<br> &nbsp; &nbsp;at EventEmitter._npmlog.default.on.logObj (/usr/local/lib/node_modules/appium/lib/logsink.js:203:5)</pre>
</body>
</html>

Build info: version: '3.12.0', revision: '7c6e0b3', time: '2018-05-08T14:04:26.12Z'
System info: host: 'viswarajans-MacBook-Pro.local', ip: 'fe80:0:0:0:1446:4d78:74eb:8679%en0', os.name: 'Mac OS X', os.arch: 'x86_64', os.version: '10.14.4', java.version: '1.8.0_171'
Driver info: driver.version: AndroidDriver
	at org.openqa.selenium.remote.ProtocolHandshake.createSession(ProtocolHandshake.java:111)
	... 36 more
... Removed 23 stack frames]]>
    </failure>
  </testcase> <!-- @BeforeSuite setup -->
  <testcase name="@AfterMethod getResult" time="0.0" classname="tests.sampleTest">
    <skipped/>
  </testcase> <!-- @AfterMethod getResult -->
  <testcase name="@AfterMethod getResult" time="0.0" classname="tests.sampleTest">
    <skipped/>
  </testcase> <!-- @AfterMethod getResult -->
  <testcase name="@AfterMethod getResult" time="0.0" classname="tests.sampleTest">
    <skipped/>
  </testcase> <!-- @AfterMethod getResult -->
  <testcase name="@AfterMethod getResult" time="0.0" classname="tests.sampleTest">
    <skipped/>
  </testcase> <!-- @AfterMethod getResult -->
  <testcase name="webViewTest" time="0.002" classname="tests.sampleTest">
    <skipped/>
  </testcase> <!-- webViewTest -->
  <testcase name="clickSourceTest" time="0.001" classname="tests.sampleTest">
    <skipped/>
  </testcase> <!-- clickSourceTest -->
  <testcase name="textValidateTest" time="0.001" classname="tests.sampleTest">
    <skipped/>
  </testcase> <!-- textValidateTest -->
  <testcase name="touchactionValidateTest" time="0.002" classname="tests.sampleTest">
    <skipped/>
  </testcase> <!-- touchactionValidateTest -->
</testsuite> <!-- demotests -->
